<?xml version="1.0" encoding="UTF-8"?>
<!-- Generated by org.testng.reporters.JUnitReportReporter -->
<testsuite hostname="AustraxPC64" failures="0" tests="1" name="com.booking.qa.testcases.HomePageTest" time="6.745" errors="0" timestamp="20 Sep 2022 06:08:18 GMT" skipped="0">
  <testcase classname="com.booking.qa.testcases.HomePageTest" name="VerifyURLTest" time="6.745"/>
</testsuite> <!-- com.booking.qa.testcases.HomePageTest -->
