<?xml version="1.0" encoding="UTF-8"?>
<!-- Generated by org.testng.reporters.JUnitReportReporter -->
<testsuite hostname="AustraxPC64" failures="0" tests="3" name="com.booking.qa.testcases.LoginPageTest" time="20.910" errors="0" timestamp="20 Sep 2022 06:13:11 GMT" skipped="0">
  <testcase classname="com.booking.qa.testcases.LoginPageTest" name="LoginPageTitleTest" time="6.440"/>
  <testcase classname="com.booking.qa.testcases.LoginPageTest" name="travolookLogoImageTest" time="6.581"/>
  <testcase classname="com.booking.qa.testcases.LoginPageTest" name="LoginTest" time="7.889"/>
</testsuite> <!-- com.booking.qa.testcases.LoginPageTest -->
